Flow report for sign_ext7
Sun Oct 29 09:12:07 2017
Quartus Prime Version 16.1.0 Build 196 10/24/2016 SJ Lite Edition


---------------------
; Table of Contents ;
---------------------
  1. Legal Notice
  2. Flow Summary
  3. Flow Settings
  4. Flow Non-Default Global Settings
  5. Flow Elapsed Time
  6. Flow OS Summary
  7. Flow Log
  8. Flow Messages
  9. Flow Suppressed Messages



----------------
; Legal Notice ;
----------------
Copyright (C) 2016  Intel Corporation. All rights reserved.
Your use of Intel Corporation's design tools, logic functions 
and other software and tools, and its AMPP partner logic 
functions, and any output files from any of the foregoing 
(including device programming or simulation files), and any 
associated documentation or information are expressly subject 
to the terms and conditions of the Intel Program License 
Subscription Agreement, the Intel Quartus Prime License Agreement,
the Intel MegaCore Function License Agreement, or other 
applicable license agreement, including, without limitation, 
that your use is for the sole purpose of programming logic 
devices manufactured by Intel and sold by Intel or its 
authorized distributors.  Please refer to the applicable 
agreement for further details.



+---------------------------------------------------------------------+
; Flow Summary                                                        ;
+-----------------------+---------------------------------------------+
; Flow Status           ; Successful - Sun Oct 29 09:12:07 2017       ;
; Quartus Prime Version ; 16.1.0 Build 196 10/24/2016 SJ Lite Edition ;
; Revision Name         ; sign_ext7                                   ;
; Top-level Entity Name ; alu                                         ;
; Family                ; MAX V                                       ;
; Device                ; 5M1270ZT144C5                               ;
; Timing Models         ; Final                                       ;
; Total logic elements  ; 123 / 1,270 ( 10 % )                        ;
; Total pins            ; 55 / 114 ( 48 % )                           ;
; Total virtual pins    ; 0                                           ;
; UFM blocks            ; 0 / 1 ( 0 % )                               ;
+-----------------------+---------------------------------------------+


+-----------------------------------------+
; Flow Settings                           ;
+-------------------+---------------------+
; Option            ; Setting             ;
+-------------------+---------------------+
; Start date & time ; 10/29/2017 09:11:44 ;
; Main task         ; Compilation         ;
; Revision Name     ; sign_ext7           ;
+-------------------+---------------------+


+----------------------------------------------------------------------------------------------------------------+
; Flow Non-Default Global Settings                                                                               ;
+-------------------------------+---------------------------------+---------------+-------------+----------------+
; Assignment Name               ; Value                           ; Default Value ; Entity Name ; Section Id     ;
+-------------------------------+---------------------------------+---------------+-------------+----------------+
; COMPILER_SIGNATURE_ID         ; 128504334292561.150924850413024 ; --            ; --          ; --             ;
; EDA_OUTPUT_DATA_FORMAT        ; Verilog Hdl                     ; --            ; --          ; eda_simulation ;
; EDA_SIMULATION_TOOL           ; ModelSim-Altera (Verilog)       ; <None>        ; --          ; --             ;
; EDA_TIME_SCALE                ; 1 ps                            ; --            ; --          ; eda_simulation ;
; MAX_CORE_JUNCTION_TEMP        ; 85                              ; --            ; --          ; --             ;
; MIN_CORE_JUNCTION_TEMP        ; 0                               ; --            ; --          ; --             ;
; POWER_PRESET_COOLING_SOLUTION ; No Heat Sink With Still Air     ; --            ; --          ; --             ;
; PROJECT_OUTPUT_DIRECTORY      ; output_files                    ; --            ; --          ; --             ;
; TOP_LEVEL_ENTITY              ; alu                             ; sign_ext7     ; --          ; --             ;
+-------------------------------+---------------------------------+---------------+-------------+----------------+


+-------------------------------------------------------------------------------------------------------------------------------+
; Flow Elapsed Time                                                                                                             ;
+---------------------------+--------------+-------------------------+---------------------+------------------------------------+
; Module Name               ; Elapsed Time ; Average Processors Used ; Peak Virtual Memory ; Total CPU Time (on all processors) ;
+---------------------------+--------------+-------------------------+---------------------+------------------------------------+
; Analysis & Synthesis      ; 00:00:15     ; 1.0                     ; 939 MB              ; 00:00:33                           ;
; Fitter                    ; 00:00:03     ; 1.0                     ; 1036 MB             ; 00:00:03                           ;
; Assembler                 ; 00:00:00     ; 1.0                     ; 791 MB              ; 00:00:00                           ;
; TimeQuest Timing Analyzer ; 00:00:01     ; 1.0                     ; 723 MB              ; 00:00:01                           ;
; EDA Netlist Writer        ; 00:00:01     ; 1.0                     ; 1026 MB             ; 00:00:00                           ;
; Total                     ; 00:00:20     ; --                      ; --                  ; 00:00:37                           ;
+---------------------------+--------------+-------------------------+---------------------+------------------------------------+


+------------------------------------------------------------------------------------------------------------+
; Flow OS Summary                                                                                            ;
+---------------------------+---------------------------------+----------------+------------+----------------+
; Module Name               ; Machine Hostname                ; OS Name        ; OS Version ; Processor type ;
+---------------------------+---------------------------------+----------------+------------+----------------+
; Analysis & Synthesis      ; mohit-Lenovo-ideapad-500S-14ISK ; Ubuntu 16.04.3 ; 16         ; x86_64         ;
; Fitter                    ; mohit-Lenovo-ideapad-500S-14ISK ; Ubuntu 16.04.3 ; 16         ; x86_64         ;
; Assembler                 ; mohit-Lenovo-ideapad-500S-14ISK ; Ubuntu 16.04.3 ; 16         ; x86_64         ;
; TimeQuest Timing Analyzer ; mohit-Lenovo-ideapad-500S-14ISK ; Ubuntu 16.04.3 ; 16         ; x86_64         ;
; EDA Netlist Writer        ; mohit-Lenovo-ideapad-500S-14ISK ; Ubuntu 16.04.3 ; 16         ; x86_64         ;
+---------------------------+---------------------------------+----------------+------------+----------------+


------------
; Flow Log ;
------------
quartus_map --read_settings_files=on --write_settings_files=off sign_ext7 -c sign_ext7
quartus_fit --read_settings_files=off --write_settings_files=off sign_ext7 -c sign_ext7
quartus_asm --read_settings_files=off --write_settings_files=off sign_ext7 -c sign_ext7
quartus_sta sign_ext7 -c sign_ext7
quartus_eda --read_settings_files=off --write_settings_files=off sign_ext7 -c sign_ext7



