Analysis & Synthesis report for datapath
Tue Nov  7 23:14:42 2017
Quartus Prime Version 17.0.0 Build 595 04/25/2017 SJ Lite Edition


---------------------
; Table of Contents ;
---------------------
  1. Legal Notice
  2. Analysis & Synthesis Summary
  3. Analysis & Synthesis Settings
  4. Parallel Compilation
  5. Analysis & Synthesis Messages



----------------
; Legal Notice ;
----------------
Copyright (C) 2017  Intel Corporation. All rights reserved.
Your use of Intel Corporation's design tools, logic functions 
and other software and tools, and its AMPP partner logic 
functions, and any output files from any of the foregoing 
(including device programming or simulation files), and any 
associated documentation or information are expressly subject 
to the terms and conditions of the Intel Program License 
Subscription Agreement, the Intel Quartus Prime License Agreement,
the Intel MegaCore Function License Agreement, or other 
applicable license agreement, including, without limitation, 
that your use is for the sole purpose of programming logic 
devices manufactured by Intel and sold by Intel or its 
authorized distributors.  Please refer to the applicable 
agreement for further details.



+----------------------------------------------------------------------------------+
; Analysis & Synthesis Summary                                                     ;
+------------------------------------+---------------------------------------------+
; Analysis & Synthesis Status        ; Failed - Tue Nov  7 23:14:42 2017           ;
; Quartus Prime Version              ; 17.0.0 Build 595 04/25/2017 SJ Lite Edition ;
; Revision Name                      ; datapath                                    ;
; Top-level Entity Name              ; datapath                                    ;
; Family                             ; Cyclone IV E                                ;
; Total logic elements               ; N/A until Partition Merge                   ;
;     Total combinational functions  ; N/A until Partition Merge                   ;
;     Dedicated logic registers      ; N/A until Partition Merge                   ;
; Total registers                    ; N/A until Partition Merge                   ;
; Total pins                         ; N/A until Partition Merge                   ;
; Total virtual pins                 ; N/A until Partition Merge                   ;
; Total memory bits                  ; N/A until Partition Merge                   ;
; Embedded Multiplier 9-bit elements ; N/A until Partition Merge                   ;
; Total PLLs                         ; N/A until Partition Merge                   ;
+------------------------------------+---------------------------------------------+


+----------------------------------------------------------------------------------------------------------------------+
; Analysis & Synthesis Settings                                                                                        ;
+----------------------------------------------------------------------------+--------------------+--------------------+
; Option                                                                     ; Setting            ; Default Value      ;
+----------------------------------------------------------------------------+--------------------+--------------------+
; Device                                                                     ; EP4CE22F17C6       ;                    ;
; Top-level entity name                                                      ; datapath           ; datapath           ;
; Family name                                                                ; Cyclone IV E       ; Cyclone V          ;
; Use smart compilation                                                      ; Off                ; Off                ;
; Enable parallel Assembler and TimeQuest Timing Analyzer during compilation ; On                 ; On                 ;
; Enable compact report table                                                ; Off                ; Off                ;
; Restructure Multiplexers                                                   ; Auto               ; Auto               ;
; Create Debugging Nodes for IP Cores                                        ; Off                ; Off                ;
; Preserve fewer node names                                                  ; On                 ; On                 ;
; OpenCore Plus hardware evaluation                                          ; Enable             ; Enable             ;
; Verilog Version                                                            ; Verilog_2001       ; Verilog_2001       ;
; VHDL Version                                                               ; VHDL_1993          ; VHDL_1993          ;
; State Machine Processing                                                   ; Auto               ; Auto               ;
; Safe State Machine                                                         ; Off                ; Off                ;
; Extract Verilog State Machines                                             ; On                 ; On                 ;
; Extract VHDL State Machines                                                ; On                 ; On                 ;
; Ignore Verilog initial constructs                                          ; Off                ; Off                ;
; Iteration limit for constant Verilog loops                                 ; 5000               ; 5000               ;
; Iteration limit for non-constant Verilog loops                             ; 250                ; 250                ;
; Add Pass-Through Logic to Inferred RAMs                                    ; On                 ; On                 ;
; Infer RAMs from Raw Logic                                                  ; On                 ; On                 ;
; Parallel Synthesis                                                         ; On                 ; On                 ;
; DSP Block Balancing                                                        ; Auto               ; Auto               ;
; NOT Gate Push-Back                                                         ; On                 ; On                 ;
; Power-Up Don't Care                                                        ; On                 ; On                 ;
; Remove Redundant Logic Cells                                               ; Off                ; Off                ;
; Remove Duplicate Registers                                                 ; On                 ; On                 ;
; Ignore CARRY Buffers                                                       ; Off                ; Off                ;
; Ignore CASCADE Buffers                                                     ; Off                ; Off                ;
; Ignore GLOBAL Buffers                                                      ; Off                ; Off                ;
; Ignore ROW GLOBAL Buffers                                                  ; Off                ; Off                ;
; Ignore LCELL Buffers                                                       ; Off                ; Off                ;
; Ignore SOFT Buffers                                                        ; On                 ; On                 ;
; Limit AHDL Integers to 32 Bits                                             ; Off                ; Off                ;
; Optimization Technique                                                     ; Balanced           ; Balanced           ;
; Carry Chain Length                                                         ; 70                 ; 70                 ;
; Auto Carry Chains                                                          ; On                 ; On                 ;
; Auto Open-Drain Pins                                                       ; On                 ; On                 ;
; Perform WYSIWYG Primitive Resynthesis                                      ; Off                ; Off                ;
; Auto ROM Replacement                                                       ; On                 ; On                 ;
; Auto RAM Replacement                                                       ; On                 ; On                 ;
; Auto DSP Block Replacement                                                 ; On                 ; On                 ;
; Auto Shift Register Replacement                                            ; Auto               ; Auto               ;
; Allow Shift Register Merging across Hierarchies                            ; Auto               ; Auto               ;
; Auto Clock Enable Replacement                                              ; On                 ; On                 ;
; Strict RAM Replacement                                                     ; Off                ; Off                ;
; Allow Synchronous Control Signals                                          ; On                 ; On                 ;
; Force Use of Synchronous Clear Signals                                     ; Off                ; Off                ;
; Auto RAM Block Balancing                                                   ; On                 ; On                 ;
; Auto RAM to Logic Cell Conversion                                          ; Off                ; Off                ;
; Auto Resource Sharing                                                      ; Off                ; Off                ;
; Allow Any RAM Size For Recognition                                         ; Off                ; Off                ;
; Allow Any ROM Size For Recognition                                         ; Off                ; Off                ;
; Allow Any Shift Register Size For Recognition                              ; Off                ; Off                ;
; Use LogicLock Constraints during Resource Balancing                        ; On                 ; On                 ;
; Ignore translate_off and synthesis_off directives                          ; Off                ; Off                ;
; Timing-Driven Synthesis                                                    ; On                 ; On                 ;
; Report Parameter Settings                                                  ; On                 ; On                 ;
; Report Source Assignments                                                  ; On                 ; On                 ;
; Report Connectivity Checks                                                 ; On                 ; On                 ;
; Ignore Maximum Fan-Out Assignments                                         ; Off                ; Off                ;
; Synchronization Register Chain Length                                      ; 2                  ; 2                  ;
; PowerPlay Power Optimization During Synthesis                              ; Normal compilation ; Normal compilation ;
; HDL message level                                                          ; Level2             ; Level2             ;
; Suppress Register Optimization Related Messages                            ; Off                ; Off                ;
; Number of Removed Registers Reported in Synthesis Report                   ; 5000               ; 5000               ;
; Number of Swept Nodes Reported in Synthesis Report                         ; 5000               ; 5000               ;
; Number of Inverted Registers Reported in Synthesis Report                  ; 100                ; 100                ;
; Clock MUX Protection                                                       ; On                 ; On                 ;
; Auto Gated Clock Conversion                                                ; Off                ; Off                ;
; Block Design Naming                                                        ; Auto               ; Auto               ;
; SDC constraint protection                                                  ; Off                ; Off                ;
; Synthesis Effort                                                           ; Auto               ; Auto               ;
; Shift Register Replacement - Allow Asynchronous Clear Signal               ; On                 ; On                 ;
; Pre-Mapping Resynthesis Optimization                                       ; Off                ; Off                ;
; Analysis & Synthesis Message Level                                         ; Medium             ; Medium             ;
; Disable Register Merging Across Hierarchies                                ; Auto               ; Auto               ;
; Resource Aware Inference For Block RAM                                     ; On                 ; On                 ;
+----------------------------------------------------------------------------+--------------------+--------------------+


+------------------------------------------+
; Parallel Compilation                     ;
+----------------------------+-------------+
; Processors                 ; Number      ;
+----------------------------+-------------+
; Number detected on machine ; 4           ;
; Maximum allowed            ; 2           ;
;                            ;             ;
; Average used               ; 1.00        ;
; Maximum used               ; 1           ;
;                            ;             ;
; Usage by Processor         ; % Time Used ;
;     Processor 1            ; 100.0%      ;
+----------------------------+-------------+


+-------------------------------+
; Analysis & Synthesis Messages ;
+-------------------------------+
Info: *******************************************************************
Info: Running Quartus Prime Analysis & Synthesis
    Info: Version 17.0.0 Build 595 04/25/2017 SJ Lite Edition
    Info: Processing started: Tue Nov  7 23:14:32 2017
Info: Command: quartus_map --read_settings_files=on --write_settings_files=off datapath -c datapath
Warning (18236): Number of processors has not been specified which may cause overloading on shared machines.  Set the global assignment NUM_PARALLEL_PROCESSORS in your QSF to an appropriate value for best performance.
Info (20030): Parallel compilation is enabled and will use 2 of the 2 processors detected
Info (12021): Found 2 design units, including 1 entities, in source file trail_zero7.vhd
    Info (12022): Found design unit 1: trail_zero7-behav File: /home/shrey/Quartus/MicroLab/trail_zero7.vhd Line: 12
    Info (12023): Found entity 1: trail_zero7 File: /home/shrey/Quartus/MicroLab/trail_zero7.vhd Line: 5
Info (12021): Found 2 design units, including 1 entities, in source file temp_reg.vhdl
    Info (12022): Found design unit 1: temp_reg-behav File: /home/shrey/Quartus/MicroLab/temp_reg.vhdl Line: 16
    Info (12023): Found entity 1: temp_reg File: /home/shrey/Quartus/MicroLab/temp_reg.vhdl Line: 5
Info (12021): Found 2 design units, including 1 entities, in source file sign_ext10.vhd
    Info (12022): Found design unit 1: sign_ext10-behav File: /home/shrey/Quartus/MicroLab/sign_ext10.vhd Line: 12
    Info (12023): Found entity 1: sign_ext10 File: /home/shrey/Quartus/MicroLab/sign_ext10.vhd Line: 5
Info (12021): Found 2 design units, including 1 entities, in source file sign_ext8.vhd
    Info (12022): Found design unit 1: sign_ext8-behav File: /home/shrey/Quartus/MicroLab/sign_ext8.vhd Line: 12
    Info (12023): Found entity 1: sign_ext8 File: /home/shrey/Quartus/MicroLab/sign_ext8.vhd Line: 5
Info (12021): Found 2 design units, including 1 entities, in source file sign_ext7.vhd
    Info (12022): Found design unit 1: sign_ext7-behav File: /home/shrey/Quartus/MicroLab/sign_ext7.vhd Line: 12
    Info (12023): Found entity 1: sign_ext7 File: /home/shrey/Quartus/MicroLab/sign_ext7.vhd Line: 5
Info (12021): Found 2 design units, including 1 entities, in source file sign_ext.vhd
    Info (12022): Found design unit 1: sign_ext8-rtl File: /home/shrey/Quartus/MicroLab/sign_ext.vhd Line: 16
    Info (12023): Found entity 1: sign_ext File: /home/shrey/Quartus/MicroLab/sign_ext.vhd Line: 5
Info (12021): Found 2 design units, including 1 entities, in source file regfile.vhd
    Info (12022): Found design unit 1: register_file-behavioral File: /home/shrey/Quartus/MicroLab/regfile.vhd Line: 21
    Info (12023): Found entity 1: register_file File: /home/shrey/Quartus/MicroLab/regfile.vhd Line: 5
Info (12021): Found 2 design units, including 1 entities, in source file priorityEncoder.vhd
    Info (12022): Found design unit 1: priorityEncoder-priority_enc_arc File: /home/shrey/Quartus/MicroLab/priorityEncoder.vhd Line: 15
    Info (12023): Found entity 1: priorityEncoder File: /home/shrey/Quartus/MicroLab/priorityEncoder.vhd Line: 5
Info (12021): Found 2 design units, including 1 entities, in source file mux8to1.vhd
    Info (12022): Found design unit 1: mux8to1-rtl File: /home/shrey/Quartus/MicroLab/mux8to1.vhd Line: 22
    Info (12023): Found entity 1: mux8to1 File: /home/shrey/Quartus/MicroLab/mux8to1.vhd Line: 4
Info (12021): Found 2 design units, including 1 entities, in source file mux4to1.vhd
    Info (12022): Found design unit 1: mux4to1-rtl File: /home/shrey/Quartus/MicroLab/mux4to1.vhd Line: 18
    Info (12023): Found entity 1: mux4to1 File: /home/shrey/Quartus/MicroLab/mux4to1.vhd Line: 4
Info (12021): Found 2 design units, including 1 entities, in source file mux2to1.vhd
    Info (12022): Found design unit 1: mux2to1-rtl File: /home/shrey/Quartus/MicroLab/mux2to1.vhd Line: 15
    Info (12023): Found entity 1: mux2to1 File: /home/shrey/Quartus/MicroLab/mux2to1.vhd Line: 4
Info (12021): Found 2 design units, including 1 entities, in source file instr_reg.vhd
    Info (12022): Found design unit 1: instr_reg-behav File: /home/shrey/Quartus/MicroLab/instr_reg.vhd Line: 12
    Info (12023): Found entity 1: instr_reg File: /home/shrey/Quartus/MicroLab/instr_reg.vhd Line: 5
Info (12021): Found 2 design units, including 1 entities, in source file decoder3_16.vhd
    Info (12022): Found design unit 1: decoder3_16-decoder3_16_arc File: /home/shrey/Quartus/MicroLab/decoder3_16.vhd Line: 12
    Info (12023): Found entity 1: decoder3_16 File: /home/shrey/Quartus/MicroLab/decoder3_16.vhd Line: 4
Info (12021): Found 2 design units, including 1 entities, in source file alu.vhd
    Info (12022): Found design unit 1: alu-Behavioral File: /home/shrey/Quartus/MicroLab/alu.vhd Line: 18
    Info (12023): Found entity 1: alu File: /home/shrey/Quartus/MicroLab/alu.vhd Line: 5
Info (12021): Found 2 design units, including 1 entities, in source file datapath.vhd
    Info (12022): Found design unit 1: datapath-rtl File: /home/shrey/Quartus/MicroLab/datapath.vhd Line: 17
    Info (12023): Found entity 1: datapath File: /home/shrey/Quartus/MicroLab/datapath.vhd Line: 5
Error (10514): VHDL aggregate error at datapath.vhd(172): can't determine type of aggregate -- found 0 possible types File: /home/shrey/Quartus/MicroLab/datapath.vhd Line: 172
Error: Quartus Prime Analysis & Synthesis was unsuccessful. 1 error, 1 warning
    Error: Peak virtual memory: 954 megabytes
    Error: Processing ended: Tue Nov  7 23:14:42 2017
    Error: Elapsed time: 00:00:10
    Error: Total CPU time (on all processors): 00:00:24


